c:\users\0za0\source\repos\herohookdll\herohookdll\debug\herohookdll.pch
c:\users\0za0\source\repos\herohookdll\herohookdll\debug\vc143.pdb
c:\users\0za0\source\repos\herohookdll\herohookdll\debug\vc143.idb
c:\users\0za0\source\repos\herohookdll\herohookdll\debug\pch.obj
c:\users\0za0\source\repos\herohookdll\herohookdll\debug\dllmain.obj
d:\documents\github\herohookdll\herohookdll\herohookdll\debug\herohookdll.pch
d:\documents\github\herohookdll\herohookdll\herohookdll\debug\vc143.pdb
d:\documents\github\herohookdll\herohookdll\herohookdll\debug\vc143.idb
d:\documents\github\herohookdll\herohookdll\herohookdll\debug\pch.obj
d:\documents\github\herohookdll\herohookdll\herohookdll\debug\dllmain.obj
c:\users\0za0\source\repos\herohookdll\debug\herohookdll.dll
c:\users\0za0\source\repos\herohookdll\herohookdll\debug\herohookdll.ilk
c:\users\0za0\source\repos\herohookdll\debug\herohookdll.pdb
d:\documents\github\herohookdll\herohookdll\herohookdll\debug\herohookdll.ilk
d:\documents\github\herohookdll\herohookdll\debug\herohookdll.dll
d:\documents\github\herohookdll\herohookdll\debug\herohookdll.pdb
d:\documents\github\herohookdll\herohookdll\herohookdll\debug\herohookdll.tlog\cl.command.1.tlog
d:\documents\github\herohookdll\herohookdll\herohookdll\debug\herohookdll.tlog\cl.read.1.tlog
d:\documents\github\herohookdll\herohookdll\herohookdll\debug\herohookdll.tlog\cl.write.1.tlog
d:\documents\github\herohookdll\herohookdll\herohookdll\debug\herohookdll.tlog\link.command.1.tlog
d:\documents\github\herohookdll\herohookdll\herohookdll\debug\herohookdll.tlog\link.read.1.tlog
d:\documents\github\herohookdll\herohookdll\herohookdll\debug\herohookdll.tlog\link.write.1.tlog
